{"meta": {"format": 3, "version": "7.10.4", "timestamp": "2025-08-17T15:13:32.449686", "branch_coverage": false, "show_contexts": false}, "files": {"__init__.py": {"executed_lines": [1, 5, 6, 7, 9, 10, 11, 12, 14], "summary": {"covered_lines": 8, "num_statements": 8, "percent_covered": 100.0, "percent_covered_display": "100", "missing_lines": 0, "excluded_lines": 0}, "missing_lines": [], "excluded_lines": [], "functions": {"": {"executed_lines": [1, 5, 6, 7, 9, 10, 11, 12, 14], "summary": {"covered_lines": 8, "num_statements": 8, "percent_covered": 100.0, "percent_covered_display": "100", "missing_lines": 0, "excluded_lines": 0}, "missing_lines": [], "excluded_lines": []}}, "classes": {"": {"executed_lines": [1, 5, 6, 7, 9, 10, 11, 12, 14], "summary": {"covered_lines": 8, "num_statements": 8, "percent_covered": 100.0, "percent_covered_display": "100", "missing_lines": 0, "excluded_lines": 0}, "missing_lines": [], "excluded_lines": []}}}, "config.py": {"executed_lines": [1, 4, 5, 6, 7, 8, 11, 12, 13, 14, 15, 16, 17, 18, 20, 21, 22, 31, 32, 33, 34, 35, 36, 37, 38, 39, 41, 42, 43, 46, 47, 48, 49, 50, 51, 52, 54, 55, 56, 59, 60, 61, 62, 63, 64, 67, 68, 69, 72, 73, 75, 76, 77, 78, 79, 80, 81, 84, 149, 151, 158, 159, 162, 166, 167, 170], "summary": {"covered_lines": 61, "num_statements": 92, "percent_covered": 66.30434782608695, "percent_covered_display": "66", "missing_lines": 31, "excluded_lines": 0}, "missing_lines": [86, 87, 88, 91, 94, 95, 96, 106, 107, 108, 117, 118, 119, 127, 128, 129, 130, 131, 134, 135, 136, 137, 139, 141, 142, 143, 144, 145, 146, 160, 168], "excluded_lines": [], "functions": {"RetryConfig.__post_init__": {"executed_lines": [21, 22], "summary": {"covered_lines": 2, "num_statements": 2, "percent_covered": 100.0, "percent_covered_display": "100", "missing_lines": 0, "excluded_lines": 0}, "missing_lines": [], "excluded_lines": []}, "QwenVLConfig.__post_init__": {"executed_lines": [42, 43], "summary": {"covered_lines": 2, "num_statements": 2, "percent_covered": 100.0, "percent_covered_display": "100", "missing_lines": 0, "excluded_lines": 0}, "missing_lines": [], "excluded_lines": []}, "ImageProcessorConfig.__post_init__": {"executed_lines": [55, 56], "summary": {"covered_lines": 2, "num_statements": 2, "percent_covered": 100.0, "percent_covered_display": "100", "missing_lines": 0, "excluded_lines": 0}, "missing_lines": [], "excluded_lines": []}, "Config.__post_init__": {"executed_lines": [76, 77, 78, 79, 80, 81], "summary": {"covered_lines": 6, "num_statements": 6, "percent_covered": 100.0, "percent_covered_display": "100", "missing_lines": 0, "excluded_lines": 0}, "missing_lines": [], "excluded_lines": []}, "load_config_from_yaml": {"executed_lines": [], "summary": {"covered_lines": 0, "num_statements": 29, "percent_covered": 0.0, "percent_covered_display": "0", "missing_lines": 29, "excluded_lines": 0}, "missing_lines": [86, 87, 88, 91, 94, 95, 96, 106, 107, 108, 117, 118, 119, 127, 128, 129, 130, 131, 134, 135, 136, 137, 139, 141, 142, 143, 144, 145, 146], "excluded_lines": []}, "find_config_file": {"executed_lines": [151, 158, 159, 162], "summary": {"covered_lines": 4, "num_statements": 5, "percent_covered": 80.0, "percent_covered_display": "80", "missing_lines": 1, "excluded_lines": 0}, "missing_lines": [160], "excluded_lines": []}, "": {"executed_lines": [1, 4, 5, 6, 7, 8, 11, 12, 13, 14, 15, 16, 17, 18, 20, 31, 32, 33, 34, 35, 36, 37, 38, 39, 41, 46, 47, 48, 49, 50, 51, 52, 54, 59, 60, 61, 62, 63, 64, 67, 68, 69, 72, 73, 75, 84, 149, 166, 167, 170], "summary": {"covered_lines": 45, "num_statements": 46, "percent_covered": 97.82608695652173, "percent_covered_display": "98", "missing_lines": 1, "excluded_lines": 0}, "missing_lines": [168], "excluded_lines": []}}, "classes": {"RetryConfig": {"executed_lines": [21, 22], "summary": {"covered_lines": 2, "num_statements": 2, "percent_covered": 100.0, "percent_covered_display": "100", "missing_lines": 0, "excluded_lines": 0}, "missing_lines": [], "excluded_lines": []}, "QwenVLConfig": {"executed_lines": [42, 43], "summary": {"covered_lines": 2, "num_statements": 2, "percent_covered": 100.0, "percent_covered_display": "100", "missing_lines": 0, "excluded_lines": 0}, "missing_lines": [], "excluded_lines": []}, "ImageProcessorConfig": {"executed_lines": [55, 56], "summary": {"covered_lines": 2, "num_statements": 2, "percent_covered": 100.0, "percent_covered_display": "100", "missing_lines": 0, "excluded_lines": 0}, "missing_lines": [], "excluded_lines": []}, "Config": {"executed_lines": [76, 77, 78, 79, 80, 81], "summary": {"covered_lines": 6, "num_statements": 6, "percent_covered": 100.0, "percent_covered_display": "100", "missing_lines": 0, "excluded_lines": 0}, "missing_lines": [], "excluded_lines": []}, "": {"executed_lines": [1, 4, 5, 6, 7, 8, 11, 12, 13, 14, 15, 16, 17, 18, 20, 31, 32, 33, 34, 35, 36, 37, 38, 39, 41, 46, 47, 48, 49, 50, 51, 52, 54, 59, 60, 61, 62, 63, 64, 67, 68, 69, 72, 73, 75, 84, 149, 151, 158, 159, 162, 166, 167, 170], "summary": {"covered_lines": 49, "num_statements": 80, "percent_covered": 61.25, "percent_covered_display": "61", "missing_lines": 31, "excluded_lines": 0}, "missing_lines": [86, 87, 88, 91, 94, 95, 96, 106, 107, 108, 117, 118, 119, 127, 128, 129, 130, 131, 134, 135, 136, 137, 139, 141, 142, 143, 144, 145, 146, 160, 168], "excluded_lines": []}}}, "demo.py": {"executed_lines": [], "summary": {"covered_lines": 0, "num_statements": 152, "percent_covered": 0.0, "percent_covered_display": "0", "missing_lines": 152, "excluded_lines": 0}, "missing_lines": [8, 9, 10, 11, 12, 15, 16, 18, 19, 20, 21, 22, 23, 26, 28, 30, 33, 34, 35, 36, 37, 38, 39, 42, 43, 44, 45, 46, 47, 48, 49, 50, 53, 54, 55, 56, 57, 58, 59, 60, 61, 63, 64, 67, 69, 71, 72, 73, 74, 75, 77, 78, 79, 81, 82, 83, 84, 86, 87, 88, 90, 92, 94, 97, 98, 101, 102, 108, 109, 118, 120, 121, 122, 124, 127, 129, 132, 133, 136, 137, 138, 140, 141, 143, 145, 146, 147, 148, 149, 150, 152, 153, 155, 156, 157, 159, 162, 163, 164, 167, 168, 169, 171, 172, 173, 174, 177, 178, 179, 180, 181, 183, 186, 188, 189, 192, 195, 197, 198, 199, 200, 201, 202, 204, 206, 208, 209, 212, 215, 218, 220, 221, 222, 223, 224, 225, 227, 228, 229, 231, 232, 233, 234, 235, 237, 238, 239, 240, 241, 242, 245, 246], "excluded_lines": [], "functions": {"create_demo_images": {"executed_lines": [], "summary": {"covered_lines": 0, "num_statements": 29, "percent_covered": 0.0, "percent_covered_display": "0", "missing_lines": 29, "excluded_lines": 0}, "missing_lines": [28, 30, 33, 34, 35, 36, 37, 38, 39, 42, 43, 44, 45, 46, 47, 48, 49, 50, 53, 54, 55, 56, 57, 58, 59, 60, 61, 63, 64], "excluded_lines": []}, "demo_image_processing": {"executed_lines": [], "summary": {"covered_lines": 0, "num_statements": 30, "percent_covered": 0.0, "percent_covered_display": "0", "missing_lines": 30, "excluded_lines": 0}, "missing_lines": [69, 71, 72, 73, 74, 75, 77, 78, 79, 81, 82, 83, 84, 86, 87, 88, 90, 92, 94, 97, 98, 101, 102, 108, 109, 118, 120, 121, 122, 124], "excluded_lines": []}, "demo_faiss_storage": {"executed_lines": [], "summary": {"covered_lines": 0, "num_statements": 37, "percent_covered": 0.0, "percent_covered_display": "0", "missing_lines": 37, "excluded_lines": 0}, "missing_lines": [129, 132, 133, 136, 137, 138, 140, 141, 143, 145, 146, 147, 148, 149, 150, 152, 153, 155, 156, 157, 159, 162, 163, 164, 167, 168, 169, 171, 172, 173, 174, 177, 178, 179, 180, 181, 183], "excluded_lines": []}, "main": {"executed_lines": [], "summary": {"covered_lines": 0, "num_statements": 37, "percent_covered": 0.0, "percent_covered_display": "0", "missing_lines": 37, "excluded_lines": 0}, "missing_lines": [188, 189, 192, 195, 197, 198, 199, 200, 201, 202, 204, 206, 208, 209, 212, 215, 218, 220, 221, 222, 223, 224, 225, 227, 228, 229, 231, 232, 233, 234, 235, 237, 238, 239, 240, 241, 242], "excluded_lines": []}, "": {"executed_lines": [], "summary": {"covered_lines": 0, "num_statements": 19, "percent_covered": 0.0, "percent_covered_display": "0", "missing_lines": 19, "excluded_lines": 0}, "missing_lines": [8, 9, 10, 11, 12, 15, 16, 18, 19, 20, 21, 22, 23, 26, 67, 127, 186, 245, 246], "excluded_lines": []}}, "classes": {"": {"executed_lines": [], "summary": {"covered_lines": 0, "num_statements": 152, "percent_covered": 0.0, "percent_covered_display": "0", "missing_lines": 152, "excluded_lines": 0}, "missing_lines": [8, 9, 10, 11, 12, 15, 16, 18, 19, 20, 21, 22, 23, 26, 28, 30, 33, 34, 35, 36, 37, 38, 39, 42, 43, 44, 45, 46, 47, 48, 49, 50, 53, 54, 55, 56, 57, 58, 59, 60, 61, 63, 64, 67, 69, 71, 72, 73, 74, 75, 77, 78, 79, 81, 82, 83, 84, 86, 87, 88, 90, 92, 94, 97, 98, 101, 102, 108, 109, 118, 120, 121, 122, 124, 127, 129, 132, 133, 136, 137, 138, 140, 141, 143, 145, 146, 147, 148, 149, 150, 152, 153, 155, 156, 157, 159, 162, 163, 164, 167, 168, 169, 171, 172, 173, 174, 177, 178, 179, 180, 181, 183, 186, 188, 189, 192, 195, 197, 198, 199, 200, 201, 202, 204, 206, 208, 209, 212, 215, 218, 220, 221, 222, 223, 224, 225, 227, 228, 229, 231, 232, 233, 234, 235, 237, 238, 239, 240, 241, 242, 245, 246], "excluded_lines": []}}}, "main_index.py": {"executed_lines": [], "summary": {"covered_lines": 0, "num_statements": 110, "percent_covered": 0.0, "percent_covered_display": "0", "missing_lines": 110, "excluded_lines": 0}, "missing_lines": [12, 13, 14, 15, 16, 17, 20, 21, 23, 24, 25, 26, 27, 28, 31, 33, 40, 42, 48, 54, 60, 65, 72, 79, 84, 90, 96, 99, 101, 102, 103, 104, 105, 106, 109, 111, 113, 115, 117, 119, 120, 122, 124, 125, 128, 130, 133, 135, 136, 137, 138, 141, 142, 143, 146, 147, 150, 151, 152, 153, 155, 157, 158, 161, 162, 165, 166, 168, 169, 170, 172, 175, 176, 178, 179, 180, 181, 183, 186, 187, 190, 191, 192, 194, 197, 198, 201, 203, 204, 207, 210, 211, 213, 216, 217, 219, 220, 221, 222, 223, 225, 226, 228, 229, 230, 231, 232, 233, 236, 237], "excluded_lines": [], "functions": {"setup_logging": {"executed_lines": [], "summary": {"covered_lines": 0, "num_statements": 1, "percent_covered": 0.0, "percent_covered_display": "0", "missing_lines": 1, "excluded_lines": 0}, "missing_lines": [33], "excluded_lines": []}, "parse_arguments": {"executed_lines": [], "summary": {"covered_lines": 0, "num_statements": 10, "percent_covered": 0.0, "percent_covered_display": "0", "missing_lines": 10, "excluded_lines": 0}, "missing_lines": [42, 48, 54, 60, 65, 72, 79, 84, 90, 96], "excluded_lines": []}, "create_output_directory": {"executed_lines": [], "summary": {"covered_lines": 0, "num_statements": 6, "percent_covered": 0.0, "percent_covered_display": "0", "missing_lines": 6, "excluded_lines": 0}, "missing_lines": [101, 102, 103, 104, 105, 106], "excluded_lines": []}, "save_metadata": {"executed_lines": [], "summary": {"covered_lines": 0, "num_statements": 9, "percent_covered": 0.0, "percent_covered_display": "0", "missing_lines": 9, "excluded_lines": 0}, "missing_lines": [111, 113, 115, 117, 119, 120, 122, 124, 125], "excluded_lines": []}, "main": {"executed_lines": [], "summary": {"covered_lines": 0, "num_statements": 63, "percent_covered": 0.0, "percent_covered_display": "0", "missing_lines": 63, "excluded_lines": 0}, "missing_lines": [130, 133, 135, 136, 137, 138, 141, 142, 143, 146, 147, 150, 151, 152, 153, 155, 157, 158, 161, 162, 165, 166, 168, 169, 170, 172, 175, 176, 178, 179, 180, 181, 183, 186, 187, 190, 191, 192, 194, 197, 198, 201, 203, 204, 207, 210, 211, 213, 216, 217, 219, 220, 221, 222, 223, 225, 226, 228, 229, 230, 231, 232, 233], "excluded_lines": []}, "": {"executed_lines": [], "summary": {"covered_lines": 0, "num_statements": 21, "percent_covered": 0.0, "percent_covered_display": "0", "missing_lines": 21, "excluded_lines": 0}, "missing_lines": [12, 13, 14, 15, 16, 17, 20, 21, 23, 24, 25, 26, 27, 28, 31, 40, 99, 109, 128, 236, 237], "excluded_lines": []}}, "classes": {"": {"executed_lines": [], "summary": {"covered_lines": 0, "num_statements": 110, "percent_covered": 0.0, "percent_covered_display": "0", "missing_lines": 110, "excluded_lines": 0}, "missing_lines": [12, 13, 14, 15, 16, 17, 20, 21, 23, 24, 25, 26, 27, 28, 31, 33, 40, 42, 48, 54, 60, 65, 72, 79, 84, 90, 96, 99, 101, 102, 103, 104, 105, 106, 109, 111, 113, 115, 117, 119, 120, 122, 124, 125, 128, 130, 133, 135, 136, 137, 138, 141, 142, 143, 146, 147, 150, 151, 152, 153, 155, 157, 158, 161, 162, 165, 166, 168, 169, 170, 172, 175, 176, 178, 179, 180, 181, 183, 186, 187, 190, 191, 192, 194, 197, 198, 201, 203, 204, 207, 210, 211, 213, 216, 217, 219, 220, 221, 222, 223, 225, 226, 228, 229, 230, 231, 232, 233, 236, 237], "excluded_lines": []}}}, "main_search.py": {"executed_lines": [], "summary": {"covered_lines": 0, "num_statements": 167, "percent_covered": 0.0, "percent_covered_display": "0", "missing_lines": 167, "excluded_lines": 0}, "missing_lines": [14, 15, 16, 17, 18, 19, 20, 23, 24, 26, 27, 28, 29, 30, 33, 35, 41, 43, 49, 55, 56, 60, 65, 72, 77, 84, 91, 97, 100, 102, 104, 105, 107, 108, 109, 111, 113, 114, 117, 119, 121, 122, 124, 125, 126, 128, 129, 131, 133, 134, 137, 139, 142, 143, 144, 147, 148, 151, 152, 154, 156, 157, 163, 166, 168, 171, 173, 175, 177, 178, 181, 183, 184, 187, 188, 190, 191, 193, 194, 197, 198, 199, 201, 202, 204, 205, 207, 208, 214, 217, 219, 221, 222, 225, 227, 228, 229, 231, 232, 233, 234, 241, 242, 243, 245, 247, 248, 249, 251, 252, 253, 254, 255, 256, 258, 259, 260, 261, 262, 263, 264, 265, 266, 268, 269, 271, 273, 274, 275, 276, 279, 281, 284, 286, 288, 290, 291, 292, 295, 296, 297, 300, 302, 304, 305, 307, 309, 310, 311, 314, 315, 316, 317, 319, 320, 321, 323, 326, 328, 330, 331, 332, 333, 334, 335, 338, 339], "excluded_lines": [], "functions": {"setup_logging": {"executed_lines": [], "summary": {"covered_lines": 0, "num_statements": 1, "percent_covered": 0.0, "percent_covered_display": "0", "missing_lines": 1, "excluded_lines": 0}, "missing_lines": [35], "excluded_lines": []}, "parse_arguments": {"executed_lines": [], "summary": {"covered_lines": 0, "num_statements": 11, "percent_covered": 0.0, "percent_covered_display": "0", "missing_lines": 11, "excluded_lines": 0}, "missing_lines": [43, 49, 55, 56, 60, 65, 72, 77, 84, 91, 97], "excluded_lines": []}, "load_metadata": {"executed_lines": [], "summary": {"covered_lines": 0, "num_statements": 9, "percent_covered": 0.0, "percent_covered_display": "0", "missing_lines": 9, "excluded_lines": 0}, "missing_lines": [102, 104, 105, 107, 108, 109, 111, 113, 114], "excluded_lines": []}, "load_faiss_index": {"executed_lines": [], "summary": {"covered_lines": 0, "num_statements": 11, "percent_covered": 0.0, "percent_covered_display": "0", "missing_lines": 11, "excluded_lines": 0}, "missing_lines": [119, 121, 122, 124, 125, 126, 128, 129, 131, 133, 134], "excluded_lines": []}, "text_search": {"executed_lines": [], "summary": {"covered_lines": 0, "num_statements": 14, "percent_covered": 0.0, "percent_covered_display": "0", "missing_lines": 14, "excluded_lines": 0}, "missing_lines": [139, 142, 143, 144, 147, 148, 151, 152, 154, 156, 157, 163, 166, 168], "excluded_lines": []}, "image_search": {"executed_lines": [], "summary": {"covered_lines": 0, "num_statements": 27, "percent_covered": 0.0, "percent_covered_display": "0", "missing_lines": 27, "excluded_lines": 0}, "missing_lines": [173, 175, 177, 178, 181, 183, 184, 187, 188, 190, 191, 193, 194, 197, 198, 199, 201, 202, 204, 205, 207, 208, 214, 217, 219, 221, 222], "excluded_lines": []}, "format_results": {"executed_lines": [], "summary": {"covered_lines": 0, "num_statements": 36, "percent_covered": 0.0, "percent_covered_display": "0", "missing_lines": 36, "excluded_lines": 0}, "missing_lines": [227, 228, 229, 231, 232, 233, 234, 241, 242, 243, 245, 247, 248, 249, 251, 252, 253, 254, 255, 256, 258, 259, 260, 261, 262, 263, 264, 265, 266, 268, 269, 271, 273, 274, 275, 276], "excluded_lines": []}, "main": {"executed_lines": [], "summary": {"covered_lines": 0, "num_statements": 34, "percent_covered": 0.0, "percent_covered_display": "0", "missing_lines": 34, "excluded_lines": 0}, "missing_lines": [281, 284, 286, 288, 290, 291, 292, 295, 296, 297, 300, 302, 304, 305, 307, 309, 310, 311, 314, 315, 316, 317, 319, 320, 321, 323, 326, 328, 330, 331, 332, 333, 334, 335], "excluded_lines": []}, "": {"executed_lines": [], "summary": {"covered_lines": 0, "num_statements": 24, "percent_covered": 0.0, "percent_covered_display": "0", "missing_lines": 24, "excluded_lines": 0}, "missing_lines": [14, 15, 16, 17, 18, 19, 20, 23, 24, 26, 27, 28, 29, 30, 33, 41, 100, 117, 137, 171, 225, 279, 338, 339], "excluded_lines": []}}, "classes": {"": {"executed_lines": [], "summary": {"covered_lines": 0, "num_statements": 167, "percent_covered": 0.0, "percent_covered_display": "0", "missing_lines": 167, "excluded_lines": 0}, "missing_lines": [14, 15, 16, 17, 18, 19, 20, 23, 24, 26, 27, 28, 29, 30, 33, 35, 41, 43, 49, 55, 56, 60, 65, 72, 77, 84, 91, 97, 100, 102, 104, 105, 107, 108, 109, 111, 113, 114, 117, 119, 121, 122, 124, 125, 126, 128, 129, 131, 133, 134, 137, 139, 142, 143, 144, 147, 148, 151, 152, 154, 156, 157, 163, 166, 168, 171, 173, 175, 177, 178, 181, 183, 184, 187, 188, 190, 191, 193, 194, 197, 198, 199, 201, 202, 204, 205, 207, 208, 214, 217, 219, 221, 222, 225, 227, 228, 229, 231, 232, 233, 234, 241, 242, 243, 245, 247, 248, 249, 251, 252, 253, 254, 255, 256, 258, 259, 260, 261, 262, 263, 264, 265, 266, 268, 269, 271, 273, 274, 275, 276, 279, 281, 284, 286, 288, 290, 291, 292, 295, 296, 297, 300, 302, 304, 305, 307, 309, 310, 311, 314, 315, 316, 317, 319, 320, 321, 323, 326, 328, 330, 331, 332, 333, 334, 335, 338, 339], "excluded_lines": []}}}, "processors/__init__.py": {"executed_lines": [1, 5, 7], "summary": {"covered_lines": 2, "num_statements": 2, "percent_covered": 100.0, "percent_covered_display": "100", "missing_lines": 0, "excluded_lines": 0}, "missing_lines": [], "excluded_lines": [], "functions": {"": {"executed_lines": [1, 5, 7], "summary": {"covered_lines": 2, "num_statements": 2, "percent_covered": 100.0, "percent_covered_display": "100", "missing_lines": 0, "excluded_lines": 0}, "missing_lines": [], "excluded_lines": []}}, "classes": {"": {"executed_lines": [1, 5, 7], "summary": {"covered_lines": 2, "num_statements": 2, "percent_covered": 100.0, "percent_covered_display": "100", "missing_lines": 0, "excluded_lines": 0}, "missing_lines": [], "excluded_lines": []}}}, "processors/image_processor.py": {"executed_lines": [1, 4, 5, 6, 7, 8, 9, 11, 12, 13, 14, 19, 22, 23, 24, 27, 28, 29, 32, 33, 34, 37, 38, 39, 42, 43, 45, 57, 59, 60, 61, 64, 68, 73, 75, 85, 86, 88, 89, 90, 91, 92, 94, 98, 99, 100, 104, 105, 116, 117, 144, 152, 153, 155, 157, 158, 159, 161, 171, 173, 174, 203, 214, 215, 219, 222, 243, 246, 248, 258, 260, 262, 263, 264, 267, 270, 271, 272, 273, 274, 277, 278, 280, 282, 284, 285, 286, 288, 290, 292, 324], "summary": {"covered_lines": 85, "num_statements": 121, "percent_covered": 70.24793388429752, "percent_covered_display": "70", "missing_lines": 36, "excluded_lines": 0}, "missing_lines": [65, 93, 95, 102, 177, 178, 179, 180, 183, 184, 192, 193, 195, 216, 302, 304, 305, 307, 308, 309, 311, 312, 314, 320, 322, 334, 336, 337, 339, 340, 341, 342, 344, 346, 347, 349], "excluded_lines": [], "functions": {"ImageProcessor.__init__": {"executed_lines": [57, 59, 60, 61, 64, 68, 73], "summary": {"covered_lines": 7, "num_statements": 8, "percent_covered": 87.5, "percent_covered_display": "88", "missing_lines": 1, "excluded_lines": 0}, "missing_lines": [65], "excluded_lines": []}, "ImageProcessor._handle_api_error": {"executed_lines": [85, 86, 88, 89, 90, 91, 92, 94, 98, 99, 100], "summary": {"covered_lines": 11, "num_statements": 14, "percent_covered": 78.57142857142857, "percent_covered_display": "79", "missing_lines": 3, "excluded_lines": 0}, "missing_lines": [93, 95, 102], "excluded_lines": []}, "ImageProcessor._call_qwen_vl_api": {"executed_lines": [116, 117, 144, 152, 153, 155, 157, 158, 159], "summary": {"covered_lines": 9, "num_statements": 9, "percent_covered": 100.0, "percent_covered_display": "100", "missing_lines": 0, "excluded_lines": 0}, "missing_lines": [], "excluded_lines": []}, "ImageProcessor._parse_analysis_result": {"executed_lines": [171, 173, 174], "summary": {"covered_lines": 3, "num_statements": 12, "percent_covered": 25.0, "percent_covered_display": "25", "missing_lines": 9, "excluded_lines": 0}, "missing_lines": [177, 178, 179, 180, 183, 184, 192, 193, 195], "excluded_lines": []}, "ImageProcessor.analyze_image": {"executed_lines": [214, 215, 219, 222, 243, 246], "summary": {"covered_lines": 6, "num_statements": 7, "percent_covered": 85.71428571428571, "percent_covered_display": "86", "missing_lines": 1, "excluded_lines": 0}, "missing_lines": [216], "excluded_lines": []}, "ImageProcessor.process_image": {"executed_lines": [258, 260, 262, 263, 264, 267, 270, 271, 272, 273, 274, 277, 278, 280, 282, 284, 285, 286, 288, 290], "summary": {"covered_lines": 20, "num_statements": 20, "percent_covered": 100.0, "percent_covered_display": "100", "missing_lines": 0, "excluded_lines": 0}, "missing_lines": [], "excluded_lines": []}, "ImageProcessor.process_images_batch": {"executed_lines": [], "summary": {"covered_lines": 0, "num_statements": 11, "percent_covered": 0.0, "percent_covered_display": "0", "missing_lines": 11, "excluded_lines": 0}, "missing_lines": [302, 304, 305, 307, 308, 309, 311, 312, 314, 320, 322], "excluded_lines": []}, "ImageProcessor.extract_face_embeddings": {"executed_lines": [], "summary": {"covered_lines": 0, "num_statements": 11, "percent_covered": 0.0, "percent_covered_display": "0", "missing_lines": 11, "excluded_lines": 0}, "missing_lines": [334, 336, 337, 339, 340, 341, 342, 344, 346, 347, 349], "excluded_lines": []}, "": {"executed_lines": [1, 4, 5, 6, 7, 8, 9, 11, 12, 13, 14, 19, 22, 23, 24, 27, 28, 29, 32, 33, 34, 37, 38, 39, 42, 43, 45, 75, 104, 105, 161, 203, 248, 292, 324], "summary": {"covered_lines": 29, "num_statements": 29, "percent_covered": 100.0, "percent_covered_display": "100", "missing_lines": 0, "excluded_lines": 0}, "missing_lines": [], "excluded_lines": []}}, "classes": {"QwenVLError": {"executed_lines": [], "summary": {"covered_lines": 0, "num_statements": 0, "percent_covered": 100.0, "percent_covered_display": "100", "missing_lines": 0, "excluded_lines": 0}, "missing_lines": [], "excluded_lines": []}, "QwenVLAuthError": {"executed_lines": [], "summary": {"covered_lines": 0, "num_statements": 0, "percent_covered": 100.0, "percent_covered_display": "100", "missing_lines": 0, "excluded_lines": 0}, "missing_lines": [], "excluded_lines": []}, "QwenVLRateLimitError": {"executed_lines": [], "summary": {"covered_lines": 0, "num_statements": 0, "percent_covered": 100.0, "percent_covered_display": "100", "missing_lines": 0, "excluded_lines": 0}, "missing_lines": [], "excluded_lines": []}, "QwenVLServiceError": {"executed_lines": [], "summary": {"covered_lines": 0, "num_statements": 0, "percent_covered": 100.0, "percent_covered_display": "100", "missing_lines": 0, "excluded_lines": 0}, "missing_lines": [], "excluded_lines": []}, "ImageProcessor": {"executed_lines": [57, 59, 60, 61, 64, 68, 73, 85, 86, 88, 89, 90, 91, 92, 94, 98, 99, 100, 116, 117, 144, 152, 153, 155, 157, 158, 159, 171, 173, 174, 214, 215, 219, 222, 243, 246, 258, 260, 262, 263, 264, 267, 270, 271, 272, 273, 274, 277, 278, 280, 282, 284, 285, 286, 288, 290], "summary": {"covered_lines": 56, "num_statements": 92, "percent_covered": 60.869565217391305, "percent_covered_display": "61", "missing_lines": 36, "excluded_lines": 0}, "missing_lines": [65, 93, 95, 102, 177, 178, 179, 180, 183, 184, 192, 193, 195, 216, 302, 304, 305, 307, 308, 309, 311, 312, 314, 320, 322, 334, 336, 337, 339, 340, 341, 342, 344, 346, 347, 349], "excluded_lines": []}, "": {"executed_lines": [1, 4, 5, 6, 7, 8, 9, 11, 12, 13, 14, 19, 22, 23, 24, 27, 28, 29, 32, 33, 34, 37, 38, 39, 42, 43, 45, 75, 104, 105, 161, 203, 248, 292, 324], "summary": {"covered_lines": 29, "num_statements": 29, "percent_covered": 100.0, "percent_covered_display": "100", "missing_lines": 0, "excluded_lines": 0}, "missing_lines": [], "excluded_lines": []}}}, "schemas/__init__.py": {"executed_lines": [1, 5, 7], "summary": {"covered_lines": 2, "num_statements": 2, "percent_covered": 100.0, "percent_covered_display": "100", "missing_lines": 0, "excluded_lines": 0}, "missing_lines": [], "excluded_lines": [], "functions": {"": {"executed_lines": [1, 5, 7], "summary": {"covered_lines": 2, "num_statements": 2, "percent_covered": 100.0, "percent_covered_display": "100", "missing_lines": 0, "excluded_lines": 0}, "missing_lines": [], "excluded_lines": []}}, "classes": {"": {"executed_lines": [1, 5, 7], "summary": {"covered_lines": 2, "num_statements": 2, "percent_covered": 100.0, "percent_covered_display": "100", "missing_lines": 0, "excluded_lines": 0}, "missing_lines": [], "excluded_lines": []}}}, "schemas/data_models.py": {"executed_lines": [1, 4, 5, 6, 7, 10, 11, 12, 13, 14, 15, 18, 19, 20, 21, 22, 23, 24, 25, 26, 27, 28, 29, 30, 31, 32, 34, 36, 51, 52, 54, 68, 71, 74, 75, 76, 77, 78, 79, 80], "summary": {"covered_lines": 36, "num_statements": 37, "percent_covered": 97.29729729729729, "percent_covered_display": "97", "missing_lines": 1, "excluded_lines": 0}, "missing_lines": [69], "excluded_lines": [], "functions": {"ImageMetadata.to_dict": {"executed_lines": [36], "summary": {"covered_lines": 1, "num_statements": 1, "percent_covered": 100.0, "percent_covered_display": "100", "missing_lines": 0, "excluded_lines": 0}, "missing_lines": [], "excluded_lines": []}, "ImageMetadata.from_dict": {"executed_lines": [54, 68, 71], "summary": {"covered_lines": 3, "num_statements": 4, "percent_covered": 75.0, "percent_covered_display": "75", "missing_lines": 1, "excluded_lines": 0}, "missing_lines": [69], "excluded_lines": []}, "": {"executed_lines": [1, 4, 5, 6, 7, 10, 11, 12, 13, 14, 15, 18, 19, 20, 21, 22, 23, 24, 25, 26, 27, 28, 29, 30, 31, 32, 34, 51, 52, 74, 75, 76, 77, 78, 79, 80], "summary": {"covered_lines": 32, "num_statements": 32, "percent_covered": 100.0, "percent_covered_display": "100", "missing_lines": 0, "excluded_lines": 0}, "missing_lines": [], "excluded_lines": []}}, "classes": {"ProcessingStatus": {"executed_lines": [], "summary": {"covered_lines": 0, "num_statements": 0, "percent_covered": 100.0, "percent_covered_display": "100", "missing_lines": 0, "excluded_lines": 0}, "missing_lines": [], "excluded_lines": []}, "ImageMetadata": {"executed_lines": [36, 54, 68, 71], "summary": {"covered_lines": 4, "num_statements": 5, "percent_covered": 80.0, "percent_covered_display": "80", "missing_lines": 1, "excluded_lines": 0}, "missing_lines": [69], "excluded_lines": []}, "SearchResult": {"executed_lines": [], "summary": {"covered_lines": 0, "num_statements": 0, "percent_covered": 100.0, "percent_covered_display": "100", "missing_lines": 0, "excluded_lines": 0}, "missing_lines": [], "excluded_lines": []}, "": {"executed_lines": [1, 4, 5, 6, 7, 10, 11, 12, 13, 14, 15, 18, 19, 20, 21, 22, 23, 24, 25, 26, 27, 28, 29, 30, 31, 32, 34, 51, 52, 74, 75, 76, 77, 78, 79, 80], "summary": {"covered_lines": 32, "num_statements": 32, "percent_covered": 100.0, "percent_covered_display": "100", "missing_lines": 0, "excluded_lines": 0}, "missing_lines": [], "excluded_lines": []}}}, "tests/__init__.py": {"executed_lines": [1], "summary": {"covered_lines": 0, "num_statements": 0, "percent_covered": 100.0, "percent_covered_display": "100", "missing_lines": 0, "excluded_lines": 0}, "missing_lines": [], "excluded_lines": [], "functions": {"": {"executed_lines": [1], "summary": {"covered_lines": 0, "num_statements": 0, "percent_covered": 100.0, "percent_covered_display": "100", "missing_lines": 0, "excluded_lines": 0}, "missing_lines": [], "excluded_lines": []}}, "classes": {"": {"executed_lines": [1], "summary": {"covered_lines": 0, "num_statements": 0, "percent_covered": 100.0, "percent_covered_display": "100", "missing_lines": 0, "excluded_lines": 0}, "missing_lines": [], "excluded_lines": []}}}, "tests/conftest.py": {"executed_lines": [1, 4, 5, 6, 7, 8, 9, 10, 11, 12, 15, 18, 19, 21, 24, 25, 27, 30, 31, 33, 34, 35, 38, 39, 42, 43, 47, 49, 50, 52, 53, 54, 57, 58, 60, 61, 65, 67, 68, 69, 70, 72, 74, 76, 77, 78, 81, 82, 107, 108, 140, 141, 143, 144, 156, 157, 159, 160, 172, 173, 175, 184, 187, 188, 195, 196, 198, 201, 202, 204, 207, 208, 210, 213, 214, 216], "summary": {"covered_lines": 75, "num_statements": 112, "percent_covered": 66.96428571428571, "percent_covered_display": "67", "missing_lines": 37, "excluded_lines": 0}, "missing_lines": [84, 85, 88, 89, 90, 93, 94, 97, 98, 99, 100, 102, 103, 104, 110, 111, 114, 117, 118, 119, 122, 123, 124, 127, 128, 129, 132, 133, 134, 135, 137, 177, 178, 180, 181, 190, 191], "excluded_lines": [], "functions": {"use_real_api": {"executed_lines": [21], "summary": {"covered_lines": 1, "num_statements": 1, "percent_covered": 100.0, "percent_covered_display": "100", "missing_lines": 0, "excluded_lines": 0}, "missing_lines": [], "excluded_lines": []}, "api_key": {"executed_lines": [27], "summary": {"covered_lines": 1, "num_statements": 1, "percent_covered": 100.0, "percent_covered_display": "100", "missing_lines": 0, "excluded_lines": 0}, "missing_lines": [], "excluded_lines": []}, "temp_dir": {"executed_lines": [33, 34, 35], "summary": {"covered_lines": 3, "num_statements": 3, "percent_covered": 100.0, "percent_covered_display": "100", "missing_lines": 0, "excluded_lines": 0}, "missing_lines": [], "excluded_lines": []}, "sample_image_path": {"executed_lines": [42, 43, 47, 49, 50, 52, 53, 54], "summary": {"covered_lines": 8, "num_statements": 8, "percent_covered": 100.0, "percent_covered_display": "100", "missing_lines": 0, "excluded_lines": 0}, "missing_lines": [], "excluded_lines": []}, "sample_portrait_path": {"executed_lines": [60, 61, 65, 67, 68, 69, 70, 72, 74, 76, 77, 78], "summary": {"covered_lines": 12, "num_statements": 12, "percent_covered": 100.0, "percent_covered_display": "100", "missing_lines": 0, "excluded_lines": 0}, "missing_lines": [], "excluded_lines": []}, "sample_screenshot_path": {"executed_lines": [], "summary": {"covered_lines": 0, "num_statements": 14, "percent_covered": 0.0, "percent_covered_display": "0", "missing_lines": 14, "excluded_lines": 0}, "missing_lines": [84, 85, 88, 89, 90, 93, 94, 97, 98, 99, 100, 102, 103, 104], "excluded_lines": []}, "sample_images_dir": {"executed_lines": [], "summary": {"covered_lines": 0, "num_statements": 17, "percent_covered": 0.0, "percent_covered_display": "0", "missing_lines": 17, "excluded_lines": 0}, "missing_lines": [110, 111, 114, 117, 118, 119, 122, 123, 124, 127, 128, 129, 132, 133, 134, 135, 137], "excluded_lines": []}, "sample_image_metadata": {"executed_lines": [143, 144], "summary": {"covered_lines": 2, "num_statements": 2, "percent_covered": 100.0, "percent_covered_display": "100", "missing_lines": 0, "excluded_lines": 0}, "missing_lines": [], "excluded_lines": []}, "sample_face_metadata": {"executed_lines": [159, 160], "summary": {"covered_lines": 2, "num_statements": 2, "percent_covered": 100.0, "percent_covered_display": "100", "missing_lines": 0, "excluded_lines": 0}, "missing_lines": [], "excluded_lines": []}, "image_processor": {"executed_lines": [175, 184], "summary": {"covered_lines": 2, "num_statements": 6, "percent_covered": 33.333333333333336, "percent_covered_display": "33", "missing_lines": 4, "excluded_lines": 0}, "missing_lines": [177, 178, 180, 181], "excluded_lines": []}, "faiss_store": {"executed_lines": [], "summary": {"covered_lines": 0, "num_statements": 2, "percent_covered": 0.0, "percent_covered_display": "0", "missing_lines": 2, "excluded_lines": 0}, "missing_lines": [190, 191], "excluded_lines": []}, "mock_qwen_api_response": {"executed_lines": [198], "summary": {"covered_lines": 1, "num_statements": 1, "percent_covered": 100.0, "percent_covered_display": "100", "missing_lines": 0, "excluded_lines": 0}, "missing_lines": [], "excluded_lines": []}, "mock_qwen_api_with_face_response": {"executed_lines": [204], "summary": {"covered_lines": 1, "num_statements": 1, "percent_covered": 100.0, "percent_covered_display": "100", "missing_lines": 0, "excluded_lines": 0}, "missing_lines": [], "excluded_lines": []}, "sample_vectors": {"executed_lines": [210], "summary": {"covered_lines": 1, "num_statements": 1, "percent_covered": 100.0, "percent_covered_display": "100", "missing_lines": 0, "excluded_lines": 0}, "missing_lines": [], "excluded_lines": []}, "sample_ids": {"executed_lines": [216], "summary": {"covered_lines": 1, "num_statements": 1, "percent_covered": 100.0, "percent_covered_display": "100", "missing_lines": 0, "excluded_lines": 0}, "missing_lines": [], "excluded_lines": []}, "": {"executed_lines": [1, 4, 5, 6, 7, 8, 9, 10, 11, 12, 15, 18, 19, 24, 25, 30, 31, 38, 39, 57, 58, 81, 82, 107, 108, 140, 141, 156, 157, 172, 173, 187, 188, 195, 196, 201, 202, 207, 208, 213, 214], "summary": {"covered_lines": 40, "num_statements": 40, "percent_covered": 100.0, "percent_covered_display": "100", "missing_lines": 0, "excluded_lines": 0}, "missing_lines": [], "excluded_lines": []}}, "classes": {"": {"executed_lines": [1, 4, 5, 6, 7, 8, 9, 10, 11, 12, 15, 18, 19, 21, 24, 25, 27, 30, 31, 33, 34, 35, 38, 39, 42, 43, 47, 49, 50, 52, 53, 54, 57, 58, 60, 61, 65, 67, 68, 69, 70, 72, 74, 76, 77, 78, 81, 82, 107, 108, 140, 141, 143, 144, 156, 157, 159, 160, 172, 173, 175, 184, 187, 188, 195, 196, 198, 201, 202, 204, 207, 208, 210, 213, 214, 216], "summary": {"covered_lines": 75, "num_statements": 112, "percent_covered": 66.96428571428571, "percent_covered_display": "67", "missing_lines": 37, "excluded_lines": 0}, "missing_lines": [84, 85, 88, 89, 90, 93, 94, 97, 98, 99, 100, 102, 103, 104, 110, 111, 114, 117, 118, 119, 122, 123, 124, 127, 128, 129, 132, 133, 134, 135, 137, 177, 178, 180, 181, 190, 191], "excluded_lines": []}}}, "tests/unit/__init__.py": {"executed_lines": [1], "summary": {"covered_lines": 0, "num_statements": 0, "percent_covered": 100.0, "percent_covered_display": "100", "missing_lines": 0, "excluded_lines": 0}, "missing_lines": [], "excluded_lines": [], "functions": {"": {"executed_lines": [1], "summary": {"covered_lines": 0, "num_statements": 0, "percent_covered": 100.0, "percent_covered_display": "100", "missing_lines": 0, "excluded_lines": 0}, "missing_lines": [], "excluded_lines": []}}, "classes": {"": {"executed_lines": [1], "summary": {"covered_lines": 0, "num_statements": 0, "percent_covered": 100.0, "percent_covered_display": "100", "missing_lines": 0, "excluded_lines": 0}, "missing_lines": [], "excluded_lines": []}}}, "tests/unit/test_faiss_store.py": {"executed_lines": [1, 4, 5, 6, 7, 8, 9, 11, 12, 15, 16, 18, 19, 21, 23, 25, 27, 28, 29, 30, 31, 33, 35, 36, 38, 39, 40, 42, 45, 46, 47, 50, 51, 52, 54, 56, 57, 58, 60, 62, 63, 64, 66, 68, 69, 71, 72, 75, 76, 78, 80, 83, 84, 85, 88, 89, 92, 94, 95, 97, 98, 100, 102, 103, 106, 107, 109, 111, 112, 115, 116, 118, 119, 120, 122, 124, 125, 128, 129, 131, 132, 133, 134, 136, 138, 139, 141, 143, 144, 145, 146, 147, 148, 150, 152, 153, 155, 157, 158, 159, 161, 163, 164, 166, 167, 170, 171, 172, 174, 177, 178, 180, 181, 182, 185, 186, 189, 190, 192, 193, 196, 197, 198, 200, 202, 204, 205, 207, 209, 210, 212, 214, 215, 216], "summary": {"covered_lines": 132, "num_statements": 132, "percent_covered": 100.0, "percent_covered_display": "100", "missing_lines": 0, "excluded_lines": 0}, "missing_lines": [], "excluded_lines": [], "functions": {"TestFaissStore.faiss_index_path": {"executed_lines": [21], "summary": {"covered_lines": 1, "num_statements": 1, "percent_covered": 100.0, "percent_covered_display": "100", "missing_lines": 0, "excluded_lines": 0}, "missing_lines": [], "excluded_lines": []}, "TestFaissStore.test_index_creation_empty": {"executed_lines": [25, 27, 28, 29, 30, 31], "summary": {"covered_lines": 6, "num_statements": 6, "percent_covered": 100.0, "percent_covered_display": "100", "missing_lines": 0, "excluded_lines": 0}, "missing_lines": [], "excluded_lines": []}, "TestFaissStore.test_index_creation_with_data": {"executed_lines": [35, 36, 38, 39, 40], "summary": {"covered_lines": 5, "num_statements": 5, "percent_covered": 100.0, "percent_covered_display": "100", "missing_lines": 0, "excluded_lines": 0}, "missing_lines": [], "excluded_lines": []}, "TestFaissStore.test_index_parameter_configuration": {"executed_lines": [45, 46, 47, 50, 51, 52], "summary": {"covered_lines": 6, "num_statements": 6, "percent_covered": 100.0, "percent_covered_display": "100", "missing_lines": 0, "excluded_lines": 0}, "missing_lines": [], "excluded_lines": []}, "TestFaissStore.test_vector_insertion_single": {"executed_lines": [56, 57, 58, 60, 62, 63, 64], "summary": {"covered_lines": 7, "num_statements": 7, "percent_covered": 100.0, "percent_covered_display": "100", "missing_lines": 0, "excluded_lines": 0}, "missing_lines": [], "excluded_lines": []}, "TestFaissStore.test_vector_insertion_batch": {"executed_lines": [68, 69, 71, 72, 75, 76], "summary": {"covered_lines": 6, "num_statements": 6, "percent_covered": 100.0, "percent_covered_display": "100", "missing_lines": 0, "excluded_lines": 0}, "missing_lines": [], "excluded_lines": []}, "TestFaissStore.test_vector_insertion_duplicate_id": {"executed_lines": [80, 83, 84, 85, 88, 89], "summary": {"covered_lines": 6, "num_statements": 6, "percent_covered": 100.0, "percent_covered_display": "100", "missing_lines": 0, "excluded_lines": 0}, "missing_lines": [], "excluded_lines": []}, "TestFaissStore.test_vector_insertion_invalid_dimension": {"executed_lines": [94, 95, 97, 98], "summary": {"covered_lines": 4, "num_statements": 4, "percent_covered": 100.0, "percent_covered_display": "100", "missing_lines": 0, "excluded_lines": 0}, "missing_lines": [], "excluded_lines": []}, "TestFaissStore.test_vector_insertion_invalid_data_type": {"executed_lines": [102, 103, 106, 107], "summary": {"covered_lines": 4, "num_statements": 4, "percent_covered": 100.0, "percent_covered_display": "100", "missing_lines": 0, "excluded_lines": 0}, "missing_lines": [], "excluded_lines": []}, "TestFaissStore.test_vector_search_exact": {"executed_lines": [111, 112, 115, 116, 118, 119, 120], "summary": {"covered_lines": 7, "num_statements": 7, "percent_covered": 100.0, "percent_covered_display": "100", "missing_lines": 0, "excluded_lines": 0}, "missing_lines": [], "excluded_lines": []}, "TestFaissStore.test_vector_search_similarity": {"executed_lines": [124, 125, 128, 129, 131, 132, 133, 134], "summary": {"covered_lines": 8, "num_statements": 8, "percent_covered": 100.0, "percent_covered_display": "100", "missing_lines": 0, "excluded_lines": 0}, "missing_lines": [], "excluded_lines": []}, "TestFaissStore.test_vector_search_top_k": {"executed_lines": [138, 139, 141, 143, 144, 145, 146, 147, 148], "summary": {"covered_lines": 9, "num_statements": 9, "percent_covered": 100.0, "percent_covered_display": "100", "missing_lines": 0, "excluded_lines": 0}, "missing_lines": [], "excluded_lines": []}, "TestFaissStore.test_vector_search_empty_index": {"executed_lines": [152, 153, 155, 157, 158, 159], "summary": {"covered_lines": 6, "num_statements": 6, "percent_covered": 100.0, "percent_covered_display": "100", "missing_lines": 0, "excluded_lines": 0}, "missing_lines": [], "excluded_lines": []}, "TestFaissStore.test_vector_search_k_larger_than_index": {"executed_lines": [163, 164, 166, 167, 170, 171, 172], "summary": {"covered_lines": 7, "num_statements": 7, "percent_covered": 100.0, "percent_covered_display": "100", "missing_lines": 0, "excluded_lines": 0}, "missing_lines": [], "excluded_lines": []}, "TestFaissStore.test_index_persistence_save_load": {"executed_lines": [177, 178, 180, 181, 182, 185, 186, 189, 190, 192, 193, 196, 197, 198], "summary": {"covered_lines": 14, "num_statements": 14, "percent_covered": 100.0, "percent_covered_display": "100", "missing_lines": 0, "excluded_lines": 0}, "missing_lines": [], "excluded_lines": []}, "TestFaissStore.test_index_persistence_load_nonexistent": {"executed_lines": [202, 204, 205], "summary": {"covered_lines": 3, "num_statements": 3, "percent_covered": 100.0, "percent_covered_display": "100", "missing_lines": 0, "excluded_lines": 0}, "missing_lines": [], "excluded_lines": []}, "TestFaissStore.test_index_statistics": {"executed_lines": [209, 210, 212, 214, 215, 216], "summary": {"covered_lines": 6, "num_statements": 6, "percent_covered": 100.0, "percent_covered_display": "100", "missing_lines": 0, "excluded_lines": 0}, "missing_lines": [], "excluded_lines": []}, "": {"executed_lines": [1, 4, 5, 6, 7, 8, 9, 11, 12, 15, 16, 18, 19, 23, 33, 42, 54, 66, 78, 92, 100, 109, 122, 136, 150, 161, 174, 200, 207], "summary": {"covered_lines": 27, "num_statements": 27, "percent_covered": 100.0, "percent_covered_display": "100", "missing_lines": 0, "excluded_lines": 0}, "missing_lines": [], "excluded_lines": []}}, "classes": {"TestFaissStore": {"executed_lines": [21, 25, 27, 28, 29, 30, 31, 35, 36, 38, 39, 40, 45, 46, 47, 50, 51, 52, 56, 57, 58, 60, 62, 63, 64, 68, 69, 71, 72, 75, 76, 80, 83, 84, 85, 88, 89, 94, 95, 97, 98, 102, 103, 106, 107, 111, 112, 115, 116, 118, 119, 120, 124, 125, 128, 129, 131, 132, 133, 134, 138, 139, 141, 143, 144, 145, 146, 147, 148, 152, 153, 155, 157, 158, 159, 163, 164, 166, 167, 170, 171, 172, 177, 178, 180, 181, 182, 185, 186, 189, 190, 192, 193, 196, 197, 198, 202, 204, 205, 209, 210, 212, 214, 215, 216], "summary": {"covered_lines": 105, "num_statements": 105, "percent_covered": 100.0, "percent_covered_display": "100", "missing_lines": 0, "excluded_lines": 0}, "missing_lines": [], "excluded_lines": []}, "": {"executed_lines": [1, 4, 5, 6, 7, 8, 9, 11, 12, 15, 16, 18, 19, 23, 33, 42, 54, 66, 78, 92, 100, 109, 122, 136, 150, 161, 174, 200, 207], "summary": {"covered_lines": 27, "num_statements": 27, "percent_covered": 100.0, "percent_covered_display": "100", "missing_lines": 0, "excluded_lines": 0}, "missing_lines": [], "excluded_lines": []}}}, "tests/unit/test_image_processor.py": {"executed_lines": [1, 4, 5, 6, 7, 8, 9, 11, 12, 13, 14, 17, 18, 20, 22, 25, 28, 29, 31, 32, 34, 36, 39, 41, 42, 43, 44, 45, 47, 49, 50, 60, 62, 65, 67, 68, 71, 72, 73, 74, 77, 78, 80, 82, 83, 85, 87, 90, 92, 93, 96, 97, 101, 102, 105, 106, 107, 109, 111, 114, 115, 116, 119, 120, 121, 122, 124, 126, 127, 129, 130, 131, 133, 135, 138, 139, 140, 143, 144, 145, 146, 148, 150, 151, 153, 154, 155, 157, 159, 160, 171, 173, 176, 177, 178, 180, 181, 182, 183, 185, 186, 188, 190, 191, 192, 193, 195, 197, 201, 203, 204, 205, 207, 208, 209, 210, 212, 213, 215, 217, 218, 219, 221, 223, 224, 233, 235, 238, 239, 240, 242, 243, 244, 245, 247, 248, 250, 252, 253, 254, 256, 261, 267, 269, 272, 283, 285, 287, 288, 291, 292, 293, 296, 297, 298, 300, 303, 304, 309, 311, 314, 315, 316, 319, 320, 323, 324, 326, 328, 331, 334, 336, 339, 340, 342, 343, 344, 345, 346, 347, 349, 351, 354, 356, 357, 360, 361, 364, 365, 366], "summary": {"covered_lines": 188, "num_statements": 210, "percent_covered": 89.52380952380952, "percent_covered_display": "90", "missing_lines": 22, "excluded_lines": 0}, "missing_lines": [53, 55, 56, 57, 58, 63, 88, 112, 136, 162, 165, 168, 169, 174, 198, 226, 228, 230, 231, 236, 368, 371], "excluded_lines": [], "functions": {"TestImageProcessor.test_image_format_validation_valid_formats": {"executed_lines": [22, 25, 28, 29, 31, 32], "summary": {"covered_lines": 6, "num_statements": 6, "percent_covered": 100.0, "percent_covered_display": "100", "missing_lines": 0, "excluded_lines": 0}, "missing_lines": [], "excluded_lines": []}, "TestImageProcessor.test_image_format_validation_invalid_formats": {"executed_lines": [36, 39, 41, 42, 43, 44, 45], "summary": {"covered_lines": 7, "num_statements": 7, "percent_covered": 100.0, "percent_covered_display": "100", "missing_lines": 0, "excluded_lines": 0}, "missing_lines": [], "excluded_lines": []}, "TestImageProcessor.test_qwen_vl_api_call_success_real": {"executed_lines": [49, 50], "summary": {"covered_lines": 2, "num_statements": 7, "percent_covered": 28.571428571428573, "percent_covered_display": "29", "missing_lines": 5, "excluded_lines": 0}, "missing_lines": [53, 55, 56, 57, 58], "excluded_lines": []}, "TestImageProcessor.test_qwen_vl_api_call_success_mock": {"executed_lines": [62, 65, 67, 68, 71, 72, 73, 74, 77, 78, 80, 82, 83], "summary": {"covered_lines": 13, "num_statements": 14, "percent_covered": 92.85714285714286, "percent_covered_display": "93", "missing_lines": 1, "excluded_lines": 0}, "missing_lines": [63], "excluded_lines": []}, "TestImageProcessor.test_qwen_vl_api_call_rate_limit": {"executed_lines": [87, 90, 92, 93, 96, 97, 101, 102, 105, 106, 107], "summary": {"covered_lines": 11, "num_statements": 12, "percent_covered": 91.66666666666667, "percent_covered_display": "92", "missing_lines": 1, "excluded_lines": 0}, "missing_lines": [88], "excluded_lines": []}, "TestImageProcessor.test_qwen_vl_api_call_timeout": {"executed_lines": [111, 114, 115, 116, 119, 120, 124, 126, 127, 129, 130, 131], "summary": {"covered_lines": 12, "num_statements": 13, "percent_covered": 92.3076923076923, "percent_covered_display": "92", "missing_lines": 1, "excluded_lines": 0}, "missing_lines": [112], "excluded_lines": []}, "TestImageProcessor.test_qwen_vl_api_call_timeout.MockTimeoutError.__init__": {"executed_lines": [121, 122], "summary": {"covered_lines": 2, "num_statements": 2, "percent_covered": 100.0, "percent_covered_display": "100", "missing_lines": 0, "excluded_lines": 0}, "missing_lines": [], "excluded_lines": []}, "TestImageProcessor.test_qwen_vl_api_call_auth_failure": {"executed_lines": [135, 138, 139, 140, 143, 144, 148, 150, 151, 153, 154, 155], "summary": {"covered_lines": 12, "num_statements": 13, "percent_covered": 92.3076923076923, "percent_covered_display": "92", "missing_lines": 1, "excluded_lines": 0}, "missing_lines": [136], "excluded_lines": []}, "TestImageProcessor.test_qwen_vl_api_call_auth_failure.MockAuthError.__init__": {"executed_lines": [145, 146], "summary": {"covered_lines": 2, "num_statements": 2, "percent_covered": 100.0, "percent_covered_display": "100", "missing_lines": 0, "excluded_lines": 0}, "missing_lines": [], "excluded_lines": []}, "TestImageProcessor.test_face_detection_single_face_real": {"executed_lines": [159, 160], "summary": {"covered_lines": 2, "num_statements": 6, "percent_covered": 33.333333333333336, "percent_covered_display": "33", "missing_lines": 4, "excluded_lines": 0}, "missing_lines": [162, 165, 168, 169], "excluded_lines": []}, "TestImageProcessor.test_face_detection_single_face_mock": {"executed_lines": [173, 176, 177, 178, 180, 181, 182, 183, 185, 186, 188, 190, 191, 192, 193], "summary": {"covered_lines": 15, "num_statements": 16, "percent_covered": 93.75, "percent_covered_display": "94", "missing_lines": 1, "excluded_lines": 0}, "missing_lines": [174], "excluded_lines": []}, "TestImageProcessor.test_face_detection_multiple_faces": {"executed_lines": [197, 201, 203, 204, 205, 207, 208, 209, 210, 212, 213, 215, 217, 218, 219], "summary": {"covered_lines": 15, "num_statements": 16, "percent_covered": 93.75, "percent_covered_display": "94", "missing_lines": 1, "excluded_lines": 0}, "missing_lines": [198], "excluded_lines": []}, "TestImageProcessor.test_face_detection_no_face_real": {"executed_lines": [223, 224], "summary": {"covered_lines": 2, "num_statements": 6, "percent_covered": 33.333333333333336, "percent_covered_display": "33", "missing_lines": 4, "excluded_lines": 0}, "missing_lines": [226, 228, 230, 231], "excluded_lines": []}, "TestImageProcessor.test_face_detection_no_face_mock": {"executed_lines": [235, 238, 239, 240, 242, 243, 244, 245, 247, 248, 250, 252, 253, 254], "summary": {"covered_lines": 14, "num_statements": 15, "percent_covered": 93.33333333333333, "percent_covered_display": "93", "missing_lines": 1, "excluded_lines": 0}, "missing_lines": [236], "excluded_lines": []}, "TestImageProcessor.test_face_coordinates_accuracy": {"executed_lines": [261, 267], "summary": {"covered_lines": 2, "num_statements": 2, "percent_covered": 100.0, "percent_covered_display": "100", "missing_lines": 0, "excluded_lines": 0}, "missing_lines": [], "excluded_lines": []}, "TestImageProcessor.test_image_classification_landscape": {"executed_lines": [272, 283], "summary": {"covered_lines": 2, "num_statements": 2, "percent_covered": 100.0, "percent_covered_display": "100", "missing_lines": 0, "excluded_lines": 0}, "missing_lines": [], "excluded_lines": []}, "TestImageProcessor.test_error_handling_corrupted_image": {"executed_lines": [287, 288, 291, 292, 293, 296, 297, 298, 300, 303, 304], "summary": {"covered_lines": 11, "num_statements": 11, "percent_covered": 100.0, "percent_covered_display": "100", "missing_lines": 0, "excluded_lines": 0}, "missing_lines": [], "excluded_lines": []}, "TestImageProcessor.test_unique_id_generation": {"executed_lines": [311, 314, 315, 316, 319, 320, 323, 324], "summary": {"covered_lines": 8, "num_statements": 8, "percent_covered": 100.0, "percent_covered_display": "100", "missing_lines": 0, "excluded_lines": 0}, "missing_lines": [], "excluded_lines": []}, "TestImageProcessor.test_timestamp_extraction": {"executed_lines": [328, 331, 334], "summary": {"covered_lines": 3, "num_statements": 3, "percent_covered": 100.0, "percent_covered_display": "100", "missing_lines": 0, "excluded_lines": 0}, "missing_lines": [], "excluded_lines": []}, "TestImageProcessor.test_image_metadata_serialization": {"executed_lines": [339, 340, 342, 343, 344, 345, 346, 347], "summary": {"covered_lines": 8, "num_statements": 8, "percent_covered": 100.0, "percent_covered_display": "100", "missing_lines": 0, "excluded_lines": 0}, "missing_lines": [], "excluded_lines": []}, "TestImageProcessor.test_face_cropping": {"executed_lines": [351, 354, 356, 357, 360, 361, 364, 365, 366], "summary": {"covered_lines": 9, "num_statements": 11, "percent_covered": 81.81818181818181, "percent_covered_display": "82", "missing_lines": 2, "excluded_lines": 0}, "missing_lines": [368, 371], "excluded_lines": []}, "": {"executed_lines": [1, 4, 5, 6, 7, 8, 9, 11, 12, 13, 14, 17, 18, 20, 34, 47, 60, 85, 109, 133, 157, 171, 195, 221, 233, 256, 269, 285, 309, 326, 336, 349], "summary": {"covered_lines": 30, "num_statements": 30, "percent_covered": 100.0, "percent_covered_display": "100", "missing_lines": 0, "excluded_lines": 0}, "missing_lines": [], "excluded_lines": []}}, "classes": {"TestImageProcessor": {"executed_lines": [22, 25, 28, 29, 31, 32, 36, 39, 41, 42, 43, 44, 45, 49, 50, 62, 65, 67, 68, 71, 72, 73, 74, 77, 78, 80, 82, 83, 87, 90, 92, 93, 96, 97, 101, 102, 105, 106, 107, 111, 114, 115, 116, 119, 120, 124, 126, 127, 129, 130, 131, 135, 138, 139, 140, 143, 144, 148, 150, 151, 153, 154, 155, 159, 160, 173, 176, 177, 178, 180, 181, 182, 183, 185, 186, 188, 190, 191, 192, 193, 197, 201, 203, 204, 205, 207, 208, 209, 210, 212, 213, 215, 217, 218, 219, 223, 224, 235, 238, 239, 240, 242, 243, 244, 245, 247, 248, 250, 252, 253, 254, 261, 267, 272, 283, 287, 288, 291, 292, 293, 296, 297, 298, 300, 303, 304, 311, 314, 315, 316, 319, 320, 323, 324, 328, 331, 334, 339, 340, 342, 343, 344, 345, 346, 347, 351, 354, 356, 357, 360, 361, 364, 365, 366], "summary": {"covered_lines": 154, "num_statements": 176, "percent_covered": 87.5, "percent_covered_display": "88", "missing_lines": 22, "excluded_lines": 0}, "missing_lines": [53, 55, 56, 57, 58, 63, 88, 112, 136, 162, 165, 168, 169, 174, 198, 226, 228, 230, 231, 236, 368, 371], "excluded_lines": []}, "TestImageProcessor.test_qwen_vl_api_call_timeout.MockTimeoutError": {"executed_lines": [121, 122], "summary": {"covered_lines": 2, "num_statements": 2, "percent_covered": 100.0, "percent_covered_display": "100", "missing_lines": 0, "excluded_lines": 0}, "missing_lines": [], "excluded_lines": []}, "TestImageProcessor.test_qwen_vl_api_call_auth_failure.MockAuthError": {"executed_lines": [145, 146], "summary": {"covered_lines": 2, "num_statements": 2, "percent_covered": 100.0, "percent_covered_display": "100", "missing_lines": 0, "excluded_lines": 0}, "missing_lines": [], "excluded_lines": []}, "": {"executed_lines": [1, 4, 5, 6, 7, 8, 9, 11, 12, 13, 14, 17, 18, 20, 34, 47, 60, 85, 109, 133, 157, 171, 195, 221, 233, 256, 269, 285, 309, 326, 336, 349], "summary": {"covered_lines": 30, "num_statements": 30, "percent_covered": 100.0, "percent_covered_display": "100", "missing_lines": 0, "excluded_lines": 0}, "missing_lines": [], "excluded_lines": []}}}, "utils/__init__.py": {"executed_lines": [1, 5, 6, 7, 18], "summary": {"covered_lines": 4, "num_statements": 4, "percent_covered": 100.0, "percent_covered_display": "100", "missing_lines": 0, "excluded_lines": 0}, "missing_lines": [], "excluded_lines": [], "functions": {"": {"executed_lines": [1, 5, 6, 7, 18], "summary": {"covered_lines": 4, "num_statements": 4, "percent_covered": 100.0, "percent_covered_display": "100", "missing_lines": 0, "excluded_lines": 0}, "missing_lines": [], "excluded_lines": []}}, "classes": {"": {"executed_lines": [1, 5, 6, 7, 18], "summary": {"covered_lines": 4, "num_statements": 4, "percent_covered": 100.0, "percent_covered_display": "100", "missing_lines": 0, "excluded_lines": 0}, "missing_lines": [], "excluded_lines": []}}}, "utils/image_utils.py": {"executed_lines": [1, 4, 5, 6, 7, 8, 9, 10, 12, 14, 17, 28, 29, 32, 43, 44, 47, 51, 52, 56, 60, 61, 64, 65, 66, 68, 71, 77, 88, 89, 91, 94, 101, 105, 106, 109, 110, 111, 113, 120, 136, 137, 139, 141, 142, 145, 146, 149, 150, 151, 152, 155, 158, 169, 170, 171, 173, 180, 190, 191, 192, 194, 203, 204, 211, 221, 222, 225, 228, 236, 246, 247, 249, 251, 252, 254, 266, 267, 268, 271], "summary": {"covered_lines": 79, "num_statements": 128, "percent_covered": 61.71875, "percent_covered_display": "62", "missing_lines": 49, "excluded_lines": 0}, "missing_lines": [48, 53, 57, 69, 73, 74, 96, 97, 98, 99, 100, 102, 115, 116, 117, 159, 160, 161, 162, 163, 164, 166, 175, 176, 177, 195, 196, 199, 200, 206, 207, 208, 230, 231, 233, 282, 283, 285, 286, 287, 289, 290, 291, 292, 294, 295, 297, 298, 299], "excluded_lines": [], "functions": {"is_supported_image_format": {"executed_lines": [28, 29], "summary": {"covered_lines": 2, "num_statements": 2, "percent_covered": 100.0, "percent_covered_display": "100", "missing_lines": 0, "excluded_lines": 0}, "missing_lines": [], "excluded_lines": []}, "validate_image_file": {"executed_lines": [43, 44, 47, 51, 52, 56, 60, 61, 64, 65, 66, 68, 71], "summary": {"covered_lines": 13, "num_statements": 19, "percent_covered": 68.42105263157895, "percent_covered_display": "68", "missing_lines": 6, "excluded_lines": 0}, "missing_lines": [48, 53, 57, 69, 73, 74], "excluded_lines": []}, "image_to_base64": {"executed_lines": [88, 89, 91, 94, 101, 105, 106, 109, 110, 111, 113], "summary": {"covered_lines": 11, "num_statements": 20, "percent_covered": 55.0, "percent_covered_display": "55", "missing_lines": 9, "excluded_lines": 0}, "missing_lines": [96, 97, 98, 99, 100, 102, 115, 116, 117], "excluded_lines": []}, "crop_face_from_image": {"executed_lines": [136, 137, 139, 141, 142, 145, 146, 149, 150, 151, 152, 155, 158, 169, 170, 171, 173], "summary": {"covered_lines": 17, "num_statements": 27, "percent_covered": 62.96296296296296, "percent_covered_display": "63", "missing_lines": 10, "excluded_lines": 0}, "missing_lines": [159, 160, 161, 162, 163, 164, 166, 175, 176, 177], "excluded_lines": []}, "extract_image_timestamp": {"executed_lines": [190, 191, 192, 194, 203, 204], "summary": {"covered_lines": 6, "num_statements": 13, "percent_covered": 46.15384615384615, "percent_covered_display": "46", "missing_lines": 7, "excluded_lines": 0}, "missing_lines": [195, 196, 199, 200, 206, 207, 208], "excluded_lines": []}, "generate_image_id": {"executed_lines": [221, 222, 225, 228], "summary": {"covered_lines": 4, "num_statements": 7, "percent_covered": 57.142857142857146, "percent_covered_display": "57", "missing_lines": 3, "excluded_lines": 0}, "missing_lines": [230, 231, 233], "excluded_lines": []}, "get_image_info": {"executed_lines": [246, 247, 249, 251, 252, 254, 266, 267, 268], "summary": {"covered_lines": 9, "num_statements": 9, "percent_covered": 100.0, "percent_covered_display": "100", "missing_lines": 0, "excluded_lines": 0}, "missing_lines": [], "excluded_lines": []}, "find_images_in_directory": {"executed_lines": [], "summary": {"covered_lines": 0, "num_statements": 14, "percent_covered": 0.0, "percent_covered_display": "0", "missing_lines": 14, "excluded_lines": 0}, "missing_lines": [282, 283, 285, 286, 287, 289, 290, 291, 292, 294, 295, 297, 298, 299], "excluded_lines": []}, "": {"executed_lines": [1, 4, 5, 6, 7, 8, 9, 10, 12, 14, 17, 32, 77, 120, 180, 211, 236, 271], "summary": {"covered_lines": 17, "num_statements": 17, "percent_covered": 100.0, "percent_covered_display": "100", "missing_lines": 0, "excluded_lines": 0}, "missing_lines": [], "excluded_lines": []}}, "classes": {"": {"executed_lines": [1, 4, 5, 6, 7, 8, 9, 10, 12, 14, 17, 28, 29, 32, 43, 44, 47, 51, 52, 56, 60, 61, 64, 65, 66, 68, 71, 77, 88, 89, 91, 94, 101, 105, 106, 109, 110, 111, 113, 120, 136, 137, 139, 141, 142, 145, 146, 149, 150, 151, 152, 155, 158, 169, 170, 171, 173, 180, 190, 191, 192, 194, 203, 204, 211, 221, 222, 225, 228, 236, 246, 247, 249, 251, 252, 254, 266, 267, 268, 271], "summary": {"covered_lines": 79, "num_statements": 128, "percent_covered": 61.71875, "percent_covered_display": "62", "missing_lines": 49, "excluded_lines": 0}, "missing_lines": [48, 53, 57, 69, 73, 74, 96, 97, 98, 99, 100, 102, 115, 116, 117, 159, 160, 161, 162, 163, 164, 166, 175, 176, 177, 195, 196, 199, 200, 206, 207, 208, 230, 231, 233, 282, 283, 285, 286, 287, 289, 290, 291, 292, 294, 295, 297, 298, 299], "excluded_lines": []}}}, "utils/logger.py": {"executed_lines": [1, 4, 5, 6, 7, 10, 28, 31, 34, 37, 38, 43, 46, 47, 48, 51, 59, 63], "summary": {"covered_lines": 17, "num_statements": 23, "percent_covered": 73.91304347826087, "percent_covered_display": "74", "missing_lines": 6, "excluded_lines": 0}, "missing_lines": [32, 52, 53, 55, 56, 57], "excluded_lines": [], "functions": {"setup_logger": {"executed_lines": [28, 31, 34, 37, 38, 43, 46, 47, 48, 51, 59], "summary": {"covered_lines": 11, "num_statements": 17, "percent_covered": 64.70588235294117, "percent_covered_display": "65", "missing_lines": 6, "excluded_lines": 0}, "missing_lines": [32, 52, 53, 55, 56, 57], "excluded_lines": []}, "": {"executed_lines": [1, 4, 5, 6, 7, 10, 63], "summary": {"covered_lines": 6, "num_statements": 6, "percent_covered": 100.0, "percent_covered_display": "100", "missing_lines": 0, "excluded_lines": 0}, "missing_lines": [], "excluded_lines": []}}, "classes": {"": {"executed_lines": [1, 4, 5, 6, 7, 10, 28, 31, 34, 37, 38, 43, 46, 47, 48, 51, 59, 63], "summary": {"covered_lines": 17, "num_statements": 23, "percent_covered": 73.91304347826087, "percent_covered_display": "74", "missing_lines": 6, "excluded_lines": 0}, "missing_lines": [32, 52, 53, 55, 56, 57], "excluded_lines": []}}}, "utils/retry_utils.py": {"executed_lines": [1, 4, 5, 6, 7, 8, 10, 12, 15, 16, 17, 20, 21, 22, 25, 37, 40, 43, 45, 48, 59, 60, 62, 63, 85, 99, 100, 102, 103, 104, 105, 107, 108, 109, 112, 117, 119, 120, 123, 124, 127, 130, 131, 134, 137, 139, 144, 150, 151, 154], "summary": {"covered_lines": 47, "num_statements": 89, "percent_covered": 52.80898876404494, "percent_covered_display": "53", "missing_lines": 42, "excluded_lines": 0}, "missing_lines": [66, 68, 69, 70, 73, 74, 76, 77, 79, 80, 82, 113, 147, 148, 168, 170, 171, 173, 174, 175, 176, 178, 179, 180, 182, 183, 187, 189, 190, 192, 193, 196, 198, 199, 202, 204, 206, 211, 213, 214, 216, 217], "excluded_lines": [], "functions": {"calculate_delay": {"executed_lines": [37, 40, 43, 45], "summary": {"covered_lines": 4, "num_statements": 4, "percent_covered": 100.0, "percent_covered_display": "100", "missing_lines": 0, "excluded_lines": 0}, "missing_lines": [], "excluded_lines": []}, "is_retryable_error": {"executed_lines": [59, 60, 62, 63], "summary": {"covered_lines": 4, "num_statements": 15, "percent_covered": 26.666666666666668, "percent_covered_display": "27", "missing_lines": 11, "excluded_lines": 0}, "missing_lines": [66, 68, 69, 70, 73, 74, 76, 77, 79, 80, 82], "excluded_lines": []}, "retry_with_backoff": {"executed_lines": [99, 100, 102, 103, 151], "summary": {"covered_lines": 5, "num_statements": 5, "percent_covered": 100.0, "percent_covered_display": "100", "missing_lines": 0, "excluded_lines": 0}, "missing_lines": [], "excluded_lines": []}, "retry_with_backoff.decorator": {"executed_lines": [104, 150], "summary": {"covered_lines": 2, "num_statements": 2, "percent_covered": 100.0, "percent_covered_display": "100", "missing_lines": 0, "excluded_lines": 0}, "missing_lines": [], "excluded_lines": []}, "retry_with_backoff.decorator.wrapper": {"executed_lines": [105, 107, 108, 109, 112, 117, 119, 120, 123, 124, 127, 130, 131, 134, 137, 139, 144], "summary": {"covered_lines": 17, "num_statements": 20, "percent_covered": 85.0, "percent_covered_display": "85", "missing_lines": 3, "excluded_lines": 0}, "missing_lines": [113, 147, 148], "excluded_lines": []}, "retry_async_with_backoff": {"executed_lines": [], "summary": {"covered_lines": 0, "num_statements": 6, "percent_covered": 0.0, "percent_covered_display": "0", "missing_lines": 6, "excluded_lines": 0}, "missing_lines": [168, 170, 171, 173, 174, 217], "excluded_lines": []}, "retry_async_with_backoff.decorator": {"executed_lines": [], "summary": {"covered_lines": 0, "num_statements": 2, "percent_covered": 0.0, "percent_covered_display": "0", "missing_lines": 2, "excluded_lines": 0}, "missing_lines": [175, 216], "excluded_lines": []}, "retry_async_with_backoff.decorator.wrapper": {"executed_lines": [], "summary": {"covered_lines": 0, "num_statements": 20, "percent_covered": 0.0, "percent_covered_display": "0", "missing_lines": 20, "excluded_lines": 0}, "missing_lines": [176, 178, 179, 180, 182, 183, 187, 189, 190, 192, 193, 196, 198, 199, 202, 204, 206, 211, 213, 214], "excluded_lines": []}, "": {"executed_lines": [1, 4, 5, 6, 7, 8, 10, 12, 15, 16, 17, 20, 21, 22, 25, 48, 85, 154], "summary": {"covered_lines": 15, "num_statements": 15, "percent_covered": 100.0, "percent_covered_display": "100", "missing_lines": 0, "excluded_lines": 0}, "missing_lines": [], "excluded_lines": []}}, "classes": {"RetryableError": {"executed_lines": [], "summary": {"covered_lines": 0, "num_statements": 0, "percent_covered": 100.0, "percent_covered_display": "100", "missing_lines": 0, "excluded_lines": 0}, "missing_lines": [], "excluded_lines": []}, "NonRetryableError": {"executed_lines": [], "summary": {"covered_lines": 0, "num_statements": 0, "percent_covered": 100.0, "percent_covered_display": "100", "missing_lines": 0, "excluded_lines": 0}, "missing_lines": [], "excluded_lines": []}, "": {"executed_lines": [1, 4, 5, 6, 7, 8, 10, 12, 15, 16, 17, 20, 21, 22, 25, 37, 40, 43, 45, 48, 59, 60, 62, 63, 85, 99, 100, 102, 103, 104, 105, 107, 108, 109, 112, 117, 119, 120, 123, 124, 127, 130, 131, 134, 137, 139, 144, 150, 151, 154], "summary": {"covered_lines": 47, "num_statements": 89, "percent_covered": 52.80898876404494, "percent_covered_display": "53", "missing_lines": 42, "excluded_lines": 0}, "missing_lines": [66, 68, 69, 70, 73, 74, 76, 77, 79, 80, 82, 113, 147, 148, 168, 170, 171, 173, 174, 175, 176, 178, 179, 180, 182, 183, 187, 189, 190, 192, 193, 196, 198, 199, 202, 204, 206, 211, 213, 214, 216, 217], "excluded_lines": []}}}, "vector_store/__init__.py": {"executed_lines": [1, 5, 7], "summary": {"covered_lines": 2, "num_statements": 2, "percent_covered": 100.0, "percent_covered_display": "100", "missing_lines": 0, "excluded_lines": 0}, "missing_lines": [], "excluded_lines": [], "functions": {"": {"executed_lines": [1, 5, 7], "summary": {"covered_lines": 2, "num_statements": 2, "percent_covered": 100.0, "percent_covered_display": "100", "missing_lines": 0, "excluded_lines": 0}, "missing_lines": [], "excluded_lines": []}}, "classes": {"": {"executed_lines": [1, 5, 7], "summary": {"covered_lines": 2, "num_statements": 2, "percent_covered": 100.0, "percent_covered_display": "100", "missing_lines": 0, "excluded_lines": 0}, "missing_lines": [], "excluded_lines": []}}}, "vector_store/faiss_store.py": {"executed_lines": [1, 4, 5, 6, 7, 8, 9, 10, 12, 15, 16, 18, 34, 35, 36, 37, 40, 41, 44, 46, 48, 55, 56, 57, 58, 66, 84, 87, 88, 90, 91, 93, 96, 97, 98, 99, 101, 102, 103, 105, 106, 107, 112, 113, 116, 117, 120, 123, 126, 127, 128, 129, 131, 134, 135, 138, 144, 159, 160, 163, 166, 167, 170, 172, 173, 176, 179, 180, 181, 182, 183, 184, 185, 188, 191, 192, 200, 211, 213, 214, 217, 220, 221, 223, 232, 233, 235, 236, 242, 253, 254, 256, 257, 258, 261, 262, 264, 268, 269, 272, 273, 274, 275, 276, 277, 280, 282, 283, 285, 287, 292, 322, 329, 330, 340, 341, 347, 353, 415], "summary": {"covered_lines": 117, "num_statements": 214, "percent_covered": 54.67289719626168, "percent_covered_display": "55", "missing_lines": 97, "excluded_lines": 0}, "missing_lines": [59, 60, 61, 62, 64, 85, 109, 110, 140, 141, 142, 161, 164, 187, 194, 196, 197, 198, 238, 239, 240, 265, 266, 288, 289, 290, 302, 303, 304, 305, 309, 310, 311, 313, 314, 316, 318, 319, 320, 342, 343, 344, 345, 349, 350, 351, 363, 364, 365, 366, 369, 370, 372, 373, 374, 377, 378, 382, 383, 384, 386, 387, 388, 389, 390, 391, 394, 395, 396, 397, 400, 401, 403, 405, 406, 408, 409, 411, 412, 413, 422, 424, 425, 426, 428, 429, 431, 432, 433, 435, 436, 438, 440, 441, 443, 444, 445], "excluded_lines": [], "functions": {"FaissStore.__init__": {"executed_lines": [34, 35, 36, 37, 40, 41, 44, 46], "summary": {"covered_lines": 8, "num_statements": 8, "percent_covered": 100.0, "percent_covered_display": "100", "missing_lines": 0, "excluded_lines": 0}, "missing_lines": [], "excluded_lines": []}, "FaissStore._create_index": {"executed_lines": [55, 56, 57, 58], "summary": {"covered_lines": 4, "num_statements": 9, "percent_covered": 44.44444444444444, "percent_covered_display": "44", "missing_lines": 5, "excluded_lines": 0}, "missing_lines": [59, 60, 61, 62, 64], "excluded_lines": []}, "FaissStore.add_vectors": {"executed_lines": [84, 87, 88, 90, 91, 93, 96, 97, 98, 99, 101, 102, 103, 105, 106, 107, 112, 113, 116, 117, 120, 123, 126, 127, 128, 129, 131, 134, 135, 138], "summary": {"covered_lines": 30, "num_statements": 36, "percent_covered": 83.33333333333333, "percent_covered_display": "83", "missing_lines": 6, "excluded_lines": 0}, "missing_lines": [85, 109, 110, 140, 141, 142], "excluded_lines": []}, "FaissStore.search": {"executed_lines": [159, 160, 163, 166, 167, 170, 172, 173, 176, 179, 180, 181, 182, 183, 184, 185, 188, 191, 192], "summary": {"covered_lines": 19, "num_statements": 26, "percent_covered": 73.07692307692308, "percent_covered_display": "73", "missing_lines": 7, "excluded_lines": 0}, "missing_lines": [161, 164, 187, 194, 196, 197, 198], "excluded_lines": []}, "FaissStore.save_index": {"executed_lines": [211, 213, 214, 217, 220, 221, 223, 232, 233, 235, 236], "summary": {"covered_lines": 11, "num_statements": 14, "percent_covered": 78.57142857142857, "percent_covered_display": "79", "missing_lines": 3, "excluded_lines": 0}, "missing_lines": [238, 239, 240], "excluded_lines": []}, "FaissStore.load_index": {"executed_lines": [253, 254, 256, 257, 258, 261, 262, 264, 268, 269, 272, 273, 274, 275, 276, 277, 280, 282, 283, 285, 287], "summary": {"covered_lines": 21, "num_statements": 26, "percent_covered": 80.76923076923077, "percent_covered_display": "81", "missing_lines": 5, "excluded_lines": 0}, "missing_lines": [265, 266, 288, 289, 290], "excluded_lines": []}, "FaissStore.remove_vector": {"executed_lines": [], "summary": {"covered_lines": 0, "num_statements": 13, "percent_covered": 0.0, "percent_covered_display": "0", "missing_lines": 13, "excluded_lines": 0}, "missing_lines": [302, 303, 304, 305, 309, 310, 311, 313, 314, 316, 318, 319, 320], "excluded_lines": []}, "FaissStore.get_statistics": {"executed_lines": [329, 330, 340, 341, 347], "summary": {"covered_lines": 5, "num_statements": 12, "percent_covered": 41.666666666666664, "percent_covered_display": "42", "missing_lines": 7, "excluded_lines": 0}, "missing_lines": [342, 343, 344, 345, 349, 350, 351], "excluded_lines": []}, "FaissStore.rebuild_index": {"executed_lines": [], "summary": {"covered_lines": 0, "num_statements": 34, "percent_covered": 0.0, "percent_covered_display": "0", "missing_lines": 34, "excluded_lines": 0}, "missing_lines": [363, 364, 365, 366, 369, 370, 372, 373, 374, 377, 378, 382, 383, 384, 386, 387, 388, 389, 390, 391, 394, 395, 396, 397, 400, 401, 403, 405, 406, 408, 409, 411, 412, 413], "excluded_lines": []}, "FaissStore.optimize_index": {"executed_lines": [], "summary": {"covered_lines": 0, "num_statements": 17, "percent_covered": 0.0, "percent_covered_display": "0", "missing_lines": 17, "excluded_lines": 0}, "missing_lines": [422, 424, 425, 426, 428, 429, 431, 432, 433, 435, 436, 438, 440, 441, 443, 444, 445], "excluded_lines": []}, "": {"executed_lines": [1, 4, 5, 6, 7, 8, 9, 10, 12, 15, 16, 18, 48, 66, 144, 200, 242, 292, 322, 353, 415], "summary": {"covered_lines": 19, "num_statements": 19, "percent_covered": 100.0, "percent_covered_display": "100", "missing_lines": 0, "excluded_lines": 0}, "missing_lines": [], "excluded_lines": []}}, "classes": {"FaissStore": {"executed_lines": [34, 35, 36, 37, 40, 41, 44, 46, 55, 56, 57, 58, 84, 87, 88, 90, 91, 93, 96, 97, 98, 99, 101, 102, 103, 105, 106, 107, 112, 113, 116, 117, 120, 123, 126, 127, 128, 129, 131, 134, 135, 138, 159, 160, 163, 166, 167, 170, 172, 173, 176, 179, 180, 181, 182, 183, 184, 185, 188, 191, 192, 211, 213, 214, 217, 220, 221, 223, 232, 233, 235, 236, 253, 254, 256, 257, 258, 261, 262, 264, 268, 269, 272, 273, 274, 275, 276, 277, 280, 282, 283, 285, 287, 329, 330, 340, 341, 347], "summary": {"covered_lines": 98, "num_statements": 195, "percent_covered": 50.256410256410255, "percent_covered_display": "50", "missing_lines": 97, "excluded_lines": 0}, "missing_lines": [59, 60, 61, 62, 64, 85, 109, 110, 140, 141, 142, 161, 164, 187, 194, 196, 197, 198, 238, 239, 240, 265, 266, 288, 289, 290, 302, 303, 304, 305, 309, 310, 311, 313, 314, 316, 318, 319, 320, 342, 343, 344, 345, 349, 350, 351, 363, 364, 365, 366, 369, 370, 372, 373, 374, 377, 378, 382, 383, 384, 386, 387, 388, 389, 390, 391, 394, 395, 396, 397, 400, 401, 403, 405, 406, 408, 409, 411, 412, 413, 422, 424, 425, 426, 428, 429, 431, 432, 433, 435, 436, 438, 440, 441, 443, 444, 445], "excluded_lines": []}, "": {"executed_lines": [1, 4, 5, 6, 7, 8, 9, 10, 12, 15, 16, 18, 48, 66, 144, 200, 242, 292, 322, 353, 415], "summary": {"covered_lines": 19, "num_statements": 19, "percent_covered": 100.0, "percent_covered_display": "100", "missing_lines": 0, "excluded_lines": 0}, "missing_lines": [], "excluded_lines": []}}}}, "totals": {"covered_lines": 855, "num_statements": 1605, "percent_covered": 53.271028037383175, "percent_covered_display": "53", "missing_lines": 750, "excluded_lines": 0}}